* Checking for deprecated package usage... OK
* Checking for remote package usage... OK
* Checking for 'LazyData: true' usage... OK
* Checking version number... OK
* Checking new package version number... OK
* Checking R version dependency... OK
* Checking package size... OK
* Checking individual file sizes...
* WARNING: The following files are over 5MB in size: '.Rproj.user/15B12E59/ctx/ctx-24713/environment'
* Checking biocViews... OK
* Checking that biocViews are present... OK
* Checking package type based on biocViews... OK
* Checking for non-trivial biocViews... OK
* Checking that biocViews come from the same category... OK
* Checking biocViews validity... OK
* Checking for recommended biocViews... OK
* Checking build system compatibility... OK
* Checking for blank lines in DESCRIPTION... OK
* Checking if DESCRIPTION is well formatted... OK
* Checking for proper Description: field... OK
* Checking for whitespace in DESCRIPTION field names... OK
* Checking that Package field matches directory/tarball name... OK
* Checking for Version field... OK
* Checking for valid maintainer... OK
* Checking License: for restrictive use... OK
* Checking for pinned package versions... OK
* Checking DESCRIPTION/NAMESPACE consistency... OK
* Checking .Rbuildignore... OK
* Checking for stray BiocCheck output folders... OK
* Checking vignette directory... OK
* Checking package installation calls in R code... OK
* Checking for library/require of GenesRanking... OK
* Checking coding practice... OK
* Checking parsed R code in R directory, examples, vignettes... OK
* Checking function lengths...
* NOTE: The recommended function length is 50 lines or less. There are 22 functions greater than 50 lines.
The longest 5 functions are:
PvalueCalc() (R/Support_StatisticalMethods.R): 118 lines
ML_FS_Methods() (R/ML_FS_Methods.R): 117 lines
Filter_FS_Methods() (R/Filter_FS_Methods.R):  84 lines
ML_filter() (R/Support_ML_FIlter.R):  82 lines
Statistical_Filter() (R/SupportFilterMethods.R):  69 lines
* Checking man page documentation... OK
* Checking package NEWS...
* NOTE: Consider adding a NEWS file, so your package news will be included in Bioconductor release announcements.
* Checking unit tests... OK
* Checking skip_on_bioc() in tests... OK
* Checking formatting of DESCRIPTION, NAMESPACE, man pages, R source, and vignette source...
* NOTE: Consider shorter lines; 161 lines (9%) are > 80 characters long.
First few lines:
R/ExampleDataset.R#L  6 #' @format A data.frame with rows repres...
R/Filter_FS_Methods.R#L  3 #' This function applies various feature...
R/Filter_FS_Methods.R#L  5 #' @param data A data frame or matrix co...
R/Filter_FS_Methods.R#L  6 #' @param Labels A vector containing the...
R/Filter_FS_Methods.R#L  7 #' @param n_genes_to_keep Integer, the n...
R/Filter_FS_Methods.R#L  8 #' @param method Character, the name of ...
R/Filter_FS_Methods.R#L  9 #'   "WaldTest", "BetaPoissonGLM", "Wilc...
R/Filter_FS_Methods.R#L 10 #'   "QuasiLikelihoodFTest", "KendallCor...
R/Filter_FS_Methods.R#L 11 #' @param LogTransformation Logical, if ...
R/Filter_FS_Methods.R#L 12 #' @param HighVariableFIlter Logical, if...
R/Filter_FS_Methods.R#L 14 #' @return A data frame or matrix contai...
R/Filter_FS_Methods.R#L 37         ceiling(min_cell_percentage * nc...
R/ML_FS_Methods.R#L  3 #' This function applies a specified mac...
R/ML_FS_Methods.R#L  5 #' @param data A matrix or data frame co...
R/ML_FS_Methods.R#L  7 #' @param n_genes_to_keep An integer rep...
R/ML_FS_Methods.R#L  8 #' @param method A character string spec...
R/ML_FS_Methods.R#L  9 #'  "PAM", "gcvEarth", "PLS", "RF", "CAR...
R/ML_FS_Methods.R#L 10 #' @param LogTransformation Logical, if ...
R/ML_FS_Methods.R#L 11 #' @param HighVariableFIlter Logical, if...
R/ML_FS_Methods.R#L 14 #' @return A list containing the filtere...
R/ML_FS_Methods.R#L 36             ceiling(min_cell_percentage ...
R/ML_FS_Methods.R#L129                     CatBoost_feature_sel...
R/ML_FS_Methods.R#L133                     ShapleyValuesFun(dat...
R/ML_FS_Methods.R#L136                 stop("Invalid method. Pl...
R/Support_ML_FIlter.R#L  3 #' This function applies machine learnin...
R/Support_ML_FIlter.R#L  5 #' @param data A data frame or matrix co...
R/Support_ML_FIlter.R#L  6 #' @param Labels A vector containing the...
R/Support_ML_FIlter.R#L  7 #' @param MLmethod Character, the name o...
R/Support_ML_FIlter.R#L  9 #' @param n_genes_to_keep Integer, the n...
R/Support_ML_FIlter.R#L 12 #'   - FilterData: A data frame or matri...
R/Support_ML_FIlter.R#L 13 #'   - Important_Features: A vector of t...
R/Support_ML_FIlter.R#L 14 #'   - ML_Analysis: A data frame contain...
R/Support_ML_FIlter.R#L 79             gbm::relative.influence(mode...
R/Support_ML_FIlter.R#L101 #' This function performs feature select...
R/Support_ML_FIlter.R#L102 #' It trains a CatBoost model, calculate...
R/Support_ML_FIlter.R#L104 #' @param data A matrix or data frame of...
R/Support_ML_FIlter.R#L105 #' @param Labels A vector of sample labe...
R/Support_ML_FIlter.R#L106 #' @param n_genes_to_keep The number of ...
R/Support_ML_FIlter.R#L110 #'    \item FilteredData: A data frame o...
R/Support_ML_FIlter.R#L112 #'    \item FeatureImportance: A data fr...
R/Support_ML_FIlter.R#L131             catboost::catboost.load_pool...
R/Support_ML_FIlter.R#L173 #' This function calculates the Shapley ...
R/Support_ML_FIlter.R#L183 #'   \item{Statistical_Analysis}{A data ...
R/Support_StatisticalMethods.R#L 15         SingleCellExperiment::SingleCell...
R/Support_StatisticalMethods.R#L 67             Seurat::CreateSeuratObject(c...
R/SupportFilterMethods.R#L  4 #' This function performs a statistical ...
R/SupportFilterMethods.R#L 14 #' @param n_genes_to_keep An integer ind...
R/SupportFilterMethods.R#L 67                 head(PvalueTreshold$Gene...
R/SupportFilterMethods.R#L 90                 head(PvalueTreshold$Gene...
R/SupportFilterMethods.R#L105 #' This function performs a Kruskal-Wall...
R/SupportFilterMethods.R#L106 #' based on their expression across diff...
R/SupportFilterMethods.R#L109 #' @param data A numeric matrix or data ...
R/SupportFilterMethods.R#L111 #' @param Labels A factor vector contain...
R/SupportFilterMethods.R#L112 #' @param n_genes_to_keep An integer spe...
R/SupportFilterMethods.R#L117 #'   \item{FilterData}{A numeric matrix ...
R/SupportFilterMethods.R#L119 #'   \item{Important_Features}{A charact...
R/SupportFilterMethods.R#L120 #'   \item{Statistical_Analysis}{A data ...
R/SupportFilterMethods.R#L121 #'     the p-values, false discovery rat...
R/SupportFilterMethods.R#L171 #' This function performs Minimum Redund...
R/SupportFilterMethods.R#L174 #' @param data A data frame or matrix co...
R/SupportFilterMethods.R#L175 #' @param Labels A character or factor v...
R/SupportFilterMethods.R#L176 #' @param n_genes_to_keep An integer spe...
R/SupportFilterMethods.R#L180 #'   \item{FilterData}{A filtered data f...
R/SupportFilterMethods.R#L181 #'   \item{Important_Features}{A charact...
R/SupportFilterMethods.R#L227 #' @param n_genes_to_keep The number of ...
R/SupportFilterMethods.R#L231 #'   \item{FilterData}{A filtered data m...
R/SupportFilterMethods.R#L232 #'   \item{Important_Features}{A vector ...
R/SupportFilterMethods.R#L233 #'   \item{Statistical_Analysis}{A data ...
R/SupportFilterMethods.R#L277 #' This function applies Kendall's rank ...
R/SupportFilterMethods.R#L280 #' @param data A data frame or matrix co...
R/SupportFilterMethods.R#L282 #' @param Labels A vector containing the...
R/SupportFilterMethods.R#L284 #' @param n_genes_to_keep The number of ...
R/SupportFilterMethods.R#L290 #'   \item{Statistical_Analysis}{A data ...
R/SupportFilterMethods.R#L343 #' This function applies Pearson's corre...
R/SupportFilterMethods.R#L346 #' @param Data A data frame or matrix co...
R/SupportFilterMethods.R#L348 #' @param Labels A vector containing the...
R/SupportFilterMethods.R#L350 #' @param n_genes_to_keep The number of ...
R/SupportFilterMethods.R#L356 #'   \item{Correlation_Analysis}{A data ...
R/SupportFilterMethods.R#L391 #' @param Data A data frame or matrix co...
R/SupportFilterMethods.R#L392 #' @param Labels A vector containing the...
R/SupportFilterMethods.R#L393 #' @param n_genes_to_keep An integer spe...
R/SupportFilterMethods.R#L397 #'   \item{FilterData}{A data frame or m...
R/SupportFilterMethods.R#L398 #'   \item{Important_Features}{A charact...
R/SupportFilterMethods.R#L399 #'   \item{Information_Gain_Analysis}{A ...
R/SupportFilterMethods.R#L412     # Sort the features based on their I...
man/CatBoost_feature_selection.Rd#L 10 \item{data}{A matrix or data frame of ge...
man/CatBoost_feature_selection.Rd#L 12 \item{Labels}{A vector of sample labels ...
man/CatBoost_feature_selection.Rd#L 14 \item{n_genes_to_keep}{The number of top...
man/CatBoost_feature_selection.Rd#L 19 \item FilteredData: A data frame or matr...
man/CatBoost_feature_selection.Rd#L 21 \item FeatureImportance: A data frame co...
man/CatBoost_feature_selection.Rd#L 25 This function performs feature selection...
man/CatBoost_feature_selection.Rd#L 26 It trains a CatBoost model, calculates f...
man/CorrelationFun.Rd#L 10 \item{Data}{A data frame or matrix conta...
man/CorrelationFun.Rd#L 13 \item{Labels}{A vector containing the la...
man/CorrelationFun.Rd#L 16 \item{n_genes_to_keep}{The number of top...
man/CorrelationFun.Rd#L 23 \item{Correlation_Analysis}{A data frame...
man/CorrelationFun.Rd#L 27 This function applies Pearson's correlat...
man/Filter_FS_Methods.Rd#L 18 \item{data}{A data frame or matrix conta...
man/Filter_FS_Methods.Rd#L 20 \item{Labels}{A vector containing the la...
man/Filter_FS_Methods.Rd#L 22 \item{n_genes_to_keep}{Integer, the numb...
man/Filter_FS_Methods.Rd#L 24 \item{method}{Character, the name of the...
man/Filter_FS_Methods.Rd#L 25 "WaldTest", "BetaPoissonGLM", "WilcoxonT...
man/Filter_FS_Methods.Rd#L 26 "QuasiLikelihoodFTest", "KendallCorrelat...
man/Filter_FS_Methods.Rd#L 28 \item{LogTransformation}{Logical, if TRU...
man/Filter_FS_Methods.Rd#L 30 \item{HighVariableFIlter}{Logical, if TR...
man/Filter_FS_Methods.Rd#L 35 A data frame or matrix containing the to...
man/Filter_FS_Methods.Rd#L 38 This function applies various feature se...
man/ig_fun.Rd#L 10 \item{Data}{A data frame or matrix conta...
man/ig_fun.Rd#L 14 \item{n_genes_to_keep}{An integer specif...
man/ig_fun.Rd#L 19 \item{FilterData}{A data frame or matrix...
man/ig_fun.Rd#L 20 \item{Important_Features}{A character ve...
man/ig_fun.Rd#L 21 \item{Information_Gain_Analysis}{A data ...
man/KendallFun.Rd#L 10 \item{data}{A data frame or matrix conta...
man/KendallFun.Rd#L 13 \item{Labels}{A vector containing the la...
man/KendallFun.Rd#L 16 \item{n_genes_to_keep}{The number of top...
man/KendallFun.Rd#L 23 \item{Statistical_Analysis}{A data frame...
man/KendallFun.Rd#L 27 This function applies Kendall's rank cor...
man/KruskalWallisFun.Rd#L 10 \item{data}{A numeric matrix or data fra...
man/KruskalWallisFun.Rd#L 13 \item{Labels}{A factor vector containing...
man/KruskalWallisFun.Rd#L 15 \item{n_genes_to_keep}{An integer specif...
man/KruskalWallisFun.Rd#L 21 \item{FilterData}{A numeric matrix or da...
man/KruskalWallisFun.Rd#L 23 \item{Important_Features}{A character ve...
man/KruskalWallisFun.Rd#L 24 \item{Statistical_Analysis}{A data frame...
man/KruskalWallisFun.Rd#L 29 This function performs a Kruskal-Wallis ...
man/KruskalWallisFun.Rd#L 30 based on their expression across differe...
man/ML_filter.Rd#L 10 \item{data}{A data frame or matrix conta...
man/ML_filter.Rd#L 12 \item{Labels}{A vector containing the la...
man/ML_filter.Rd#L 14 \item{MLmethod}{Character, the name of t...
man/ML_filter.Rd#L 17 \item{n_genes_to_keep}{Integer, the numb...
man/ML_filter.Rd#L 22 \item FilterData: A data frame or matrix...
man/ML_filter.Rd#L 23 \item Important_Features: A vector of th...
man/ML_filter.Rd#L 24 \item ML_Analysis: A data frame containi...
man/ML_filter.Rd#L 28 This function applies machine learning m...
man/ML_FS_Methods.Rd#L 18 \item{data}{A matrix or data frame conta...
man/ML_FS_Methods.Rd#L 22 \item{n_genes_to_keep}{An integer repres...
man/ML_FS_Methods.Rd#L 24 \item{method}{A character string specify...
man/ML_FS_Methods.Rd#L 25 "PAM", "gcvEarth", "PLS", "RF", "CART", ...
man/ML_FS_Methods.Rd#L 27 \item{LogTransformation}{Logical, if TRU...
man/ML_FS_Methods.Rd#L 29 \item{HighVariableFIlter}{Logical, if TR...
man/ML_FS_Methods.Rd#L 34 A list containing the filtered data, imp...
man/ML_FS_Methods.Rd#L 37 This function applies a specified machin...
man/mRMReFun.Rd#L 10 \item{data}{A data frame or matrix conta...
man/mRMReFun.Rd#L 12 \item{Labels}{A character or factor vect...
man/mRMReFun.Rd#L 14 \item{n_genes_to_keep}{An integer specif...
man/mRMReFun.Rd#L 19 \item{FilterData}{A filtered data frame ...
man/mRMReFun.Rd#L 20 \item{Important_Features}{A character ve...
man/mRMReFun.Rd#L 24 This function performs Minimum Redundanc...
man/QLFTfun.Rd#L 15 \item{n_genes_to_keep}{The number of top...
man/QLFTfun.Rd#L 21 \item{Important_Features}{A vector of ge...
man/QLFTfun.Rd#L 22 \item{Statistical_Analysis}{A data frame...
man/ShapleyValuesFun.Rd#L 21 \item{Statistical_Analysis}{A data frame...
man/ShapleyValuesFun.Rd#L 25 This function calculates the Shapley val...
vignettes/GenesRanking_vignette.Rmd#L 29  `GenesRanking` is an R package for filt...
vignettes/GenesRanking_vignette.Rmd#L 65 `Filter_FS_Methods` applies Filter featu...
vignettes/GenesRanking_vignette.Rmd#L 89 `ML_FS_Methods` applies a specified mach...
vignettes/GenesRanking_vignette.Rmd#L106 The results returned by `Filter_FS_Metho...
vignettes/GenesRanking_vignette.Rmd#L110 # The names of the list elements provide...
vignettes/GenesRanking_vignette.Rmd#L113 # For instance, let's take a look at the...
vignettes/GenesRanking_vignette.Rmd#L116 # Another important element could be the...
vignettes/GenesRanking_vignette.Rmd#L123   The `GenesRanking` package is particul...
vignettes/GenesRanking_vignette.Rmd#L127  The `GenesRanking` package provides eff...
* NOTE: Consider multiples of 4 spaces for line indents; 64 lines (4%) are not.
First few lines:
R/Filter_FS_Methods.R#L 28                               Labels,...
R/Filter_FS_Methods.R#L 29                               n_genes_to...
R/Filter_FS_Methods.R#L 30                               method,...
R/Filter_FS_Methods.R#L 31                               LogTransfo...
R/Filter_FS_Methods.R#L 32                               HighVariab...
R/Filter_FS_Methods.R#L 33                               n_features...
R/ML_FS_Methods.R#L 27              Labels,...
R/ML_FS_Methods.R#L 28              n_genes_to_keep,...
R/ML_FS_Methods.R#L 29              method,...
R/ML_FS_Methods.R#L 30              LogTransformation = TRUE,...
R/ML_FS_Methods.R#L 31              HighVariableFIlter = TRUE,...
R/ML_FS_Methods.R#L 32              n_features = 2000) {...
R/Support_ML_FIlter.R#L 18                       Labels,...
R/Support_ML_FIlter.R#L 19                       MLmethod,...
R/Support_ML_FIlter.R#L 20                       n_genes_to_keep) {...
R/Support_StatisticalMethods.R#L 53                        Pvaluemethod,...
R/Support_StatisticalMethods.R#L 54                        Labels,...
R/Support_StatisticalMethods.R#L 55                        Test = "LRT",...
R/Support_StatisticalMethods.R#L 56                        dmethod = "bimod"...
R/Support_StatisticalMethods.R#L 57                        DESeq2.test = "LR...
R/Support_StatisticalMethods.R#L 58                        method_MAST = "ba...
R/Support_StatisticalMethods.R#L 59                        MAST.parallel = T...
man/Filter_FS_Methods.Rd#L  8   data,...
man/Filter_FS_Methods.Rd#L  9   Labels,...
man/Filter_FS_Methods.Rd#L 10   n_genes_to_keep,...
man/Filter_FS_Methods.Rd#L 11   method,...
man/Filter_FS_Methods.Rd#L 12   LogTransformation = TRUE,...
man/Filter_FS_Methods.Rd#L 13   HighVariableFIlter = TRUE,...
man/Filter_FS_Methods.Rd#L 14   n_features = 2000...
man/ML_FS_Methods.Rd#L  8   data,...
man/ML_FS_Methods.Rd#L  9   Labels,...
man/ML_FS_Methods.Rd#L 10   n_genes_to_keep,...
man/ML_FS_Methods.Rd#L 11   method,...
man/ML_FS_Methods.Rd#L 12   LogTransformation = TRUE,...
man/ML_FS_Methods.Rd#L 13   HighVariableFIlter = TRUE,...
man/ML_FS_Methods.Rd#L 14   n_features = 2000...
man/PvalueCalc.Rd#L  8   data,...
man/PvalueCalc.Rd#L  9   Pvaluemethod,...
man/PvalueCalc.Rd#L 10   Labels,...
man/PvalueCalc.Rd#L 11   Test = "LRT",...
man/PvalueCalc.Rd#L 12   dmethod = "bimod",...
man/PvalueCalc.Rd#L 13   DESeq2.test = "LRT",...
man/PvalueCalc.Rd#L 14   method_MAST = "bayesglm",...
man/PvalueCalc.Rd#L 15   MAST.parallel = TRUE...
vignettes/GenesRanking_vignette.Rmd#L  4   collapse = TRUE,...
vignettes/GenesRanking_vignette.Rmd#L  5   comment = "#>"...
vignettes/GenesRanking_vignette.Rmd#L 10   - [GenesRanking](#GenesRanking)...
vignettes/GenesRanking_vignette.Rmd#L 11   - [Introduction](#introduction)...
vignettes/GenesRanking_vignette.Rmd#L 12   - [Installation](#installation)...
vignettes/GenesRanking_vignette.Rmd#L 13   - [Main Functions](#main-functions)...
vignettes/GenesRanking_vignette.Rmd#L 14   - [Examination of Results](#examinatio...
vignettes/GenesRanking_vignette.Rmd#L 15   - [Use Cases](#use-cases)...
vignettes/GenesRanking_vignette.Rmd#L 16   - [Conclusion](#conclusion)...
vignettes/GenesRanking_vignette.Rmd#L 21  `GenesRanking` is an R package for filt...
vignettes/GenesRanking_vignette.Rmd#L 23  Our package offers a comprehensive set ...
vignettes/GenesRanking_vignette.Rmd#L 31  To analyze the data, users may choose f...
vignettes/GenesRanking_vignette.Rmd#L 88                                   n_gene...
vignettes/GenesRanking_vignette.Rmd#L 89                                   method...
vignettes/GenesRanking_vignette.Rmd#L 90                                   LogTra...
vignettes/GenesRanking_vignette.Rmd#L 91                                   HighVa...
vignettes/GenesRanking_vignette.Rmd#L 92                                   n_feat...
vignettes/GenesRanking_vignette.Rmd#L115   The `GenesRanking` package is particul...
vignettes/GenesRanking_vignette.Rmd#L116   ...
vignettes/GenesRanking_vignette.Rmd#L119  The `GenesRanking` package provides eff...
* Checking if package already exists in CRAN... OK
* Checking if new package already exists in Bioconductor... OK
* Checking for bioc-devel mailing list subscription...
* NOTE: Cannot determine whether maintainer is subscribed to the Bioc-Devel mailing list (requires admin credentials). Subscribe here: https://stat.ethz.ch/mailman/listinfo/bioc-devel
* Checking for support site registration... OK
